[debug] [2018-09-02T08:50:56.278Z] ----------------------------------------------------------------------
[debug] [2018-09-02T08:50:56.280Z] Command:       /Users/kazumasa/.nodebrew/node/v10.4.0/bin/node /Users/kazumasa/.nodebrew/current/bin/firebase serve
[debug] [2018-09-02T08:50:56.280Z] CLI Version:   4.2.1
[debug] [2018-09-02T08:50:56.280Z] Platform:      darwin
[debug] [2018-09-02T08:50:56.280Z] Node Version:  v10.4.0
[debug] [2018-09-02T08:50:56.281Z] Time:          Sun Sep 02 2018 17:50:56 GMT+0900 (GMT+09:00)
[debug] [2018-09-02T08:50:56.281Z] ----------------------------------------------------------------------
[debug] 
[debug] [2018-09-02T08:50:56.288Z] > command requires scopes: ["email","openid","https://www.googleapis.com/auth/cloudplatformprojects.readonly","https://www.googleapis.com/auth/firebase","https://www.googleapis.com/auth/cloud-platform"]
[debug] [2018-09-02T08:50:56.288Z] > authorizing via signed-in user
[debug] [2018-09-02T08:50:56.289Z] > refreshing access token with scopes: ["email","https://www.googleapis.com/auth/cloud-platform","https://www.googleapis.com/auth/cloudplatformprojects.readonly","https://www.googleapis.com/auth/firebase","openid"]
[debug] [2018-09-02T08:50:56.289Z] >>> HTTP REQUEST POST https://www.googleapis.com/oauth2/v3/token  

[debug] [2018-09-02T08:50:56.502Z] <<< HTTP RESPONSE 200
[debug] [2018-09-02T08:50:56.513Z] >>> HTTP REQUEST GET https://admin.firebase.com/v1/projects/step-wallet  
 
[debug] [2018-09-02T08:50:57.241Z] <<< HTTP RESPONSE 200
[debug] [2018-09-02T08:50:57.242Z] >>> HTTP REQUEST GET https://cloudresourcemanager.googleapis.com/v1/projects/step-wallet  
 
[debug] [2018-09-02T08:50:58.100Z] <<< HTTP RESPONSE 200
[info] 
[info] === Serving from '/Users/kazumasa/3-step-wallet'...
[info] 
[debug] [2018-09-02T08:50:58.103Z] >>> HTTP REQUEST GET https://mobilesdk-pa.googleapis.com/v1/projects/1011226790590/clients/_:getWebAppConfig  
 
[debug] [2018-09-02T08:50:58.800Z] <<< HTTP RESPONSE 200
[info] i  hosting[step-wallet]: Serving hosting files from: dist
[info] ✔  hosting[step-wallet]: Local server: http://localhost:5000
